<?xml version="1.0" encoding="UTF-8"?>
<!-- Generated by org.testng.reporters.JUnitReportReporter -->
<testsuite hostname="BabuGNair" failures="0" tests="1" name="TestCases.TC001_AccountRegistrationPage" time="17.104" errors="0" timestamp="2024-12-23T14:00:58 IST" skipped="0">
  <testcase classname="TestCases.TC001_AccountRegistrationPage" name="verify_account_registration" time="17.104"/>
</testsuite> <!-- TestCases.TC001_AccountRegistrationPage -->
