<?xml version="1.0" encoding="UTF-8"?>
<!-- Generated by org.testng.reporters.JUnitReportReporter -->
<testsuite hostname="BabuGNair" failures="0" tests="1" name="TestCases.TC004ShoppingCart" time="3.693" errors="0" timestamp="2024-11-18T01:07:45 CET" skipped="0">
  <testcase classname="TestCases.TC004ShoppingCart" name="verifyShoppingCart" time="3.693"/>
</testsuite> <!-- TestCases.TC004ShoppingCart -->
