<?xml version="1.0" encoding="UTF-8"?>
<!-- Generated by org.testng.reporters.JUnitReportReporter -->
<testsuite hostname="BabuGNair" failures="0" tests="1" name="TestCases.TC002LoginTest" time="2.003" errors="0" timestamp="2024-11-18T01:36:11 CET" skipped="0">
  <testcase classname="TestCases.TC002LoginTest" name="verify_login" time="2.003"/>
</testsuite> <!-- TestCases.TC002LoginTest -->
